[2026-01-23 15:41:51] === SERVIDOR INICIADO ===
[2026-01-23 15:41:51] Servidor escuchando en puerto 22000
[2026-01-23 15:43:09] [CLIENTE] Conectado: 172.26.163.108:54225 - Archivo: prueba.txt
[2026-01-23 15:43:09] [ACK] ACK:9619
[2026-01-23 15:43:09] [ACK] ACK:1000
[2026-01-23 15:43:09] [ACK] ACK:1001
[2026-01-23 15:43:09] [ACK] ACK:1002
[2026-01-23 15:43:09] [ACK] ACK:1003
[2026-01-23 15:43:10] [ACK] ACK:1004
[2026-01-23 15:43:10] [ACK] ACK:1005
[2026-01-23 15:43:10] [ACK] ACK:1006
[2026-01-23 15:43:10] [ACK] ACK:1007
[2026-01-23 15:43:10] [ACK] ACK:1008
[2026-01-23 15:43:10] [ACK] ACK:1009
[2026-01-23 15:43:10] Cliente desconectado: 172.26.163.108:54225
[2026-01-23 15:43:11] [TRANSFERENCIA] Completada - 9 líneas - Cliente: 172.26.163.108:54225
[2026-01-23 15:54:56] SERVIDOR INICIADO
[2026-01-23 15:54:56] Servidor escuchando en puerto 22000
[2026-01-23 15:55:19] [CLIENTE] Conectado: 172.26.163.108:52215 - Archivo: prueba2.txt
[2026-01-23 15:55:19] [ACK] ACK:9491
[2026-01-23 15:55:19] [ACK] ACK:1000
[2026-01-23 15:55:19] [ACK] ACK:1001
[2026-01-23 15:55:19] [ACK] ACK:1002
[2026-01-23 15:55:19] [ACK] ACK:1003
[2026-01-23 15:55:19] [ACK] ACK:1004
[2026-01-23 15:55:20] [ACK] ACK:1005
[2026-01-23 15:55:20] [ACK] ACK:1006
[2026-01-23 15:55:20] [ACK] ACK:1007
[2026-01-23 15:55:20] [ACK] ACK:1008
[2026-01-23 15:55:20] [ACK] ACK:1009
[2026-01-23 15:55:20] [ACK] ACK:1010
[2026-01-23 15:55:20] [ACK] ACK:1011
[2026-01-23 15:55:20] [ACK] ACK:1012
[2026-01-23 15:55:20] [ACK] ACK:1013
[2026-01-23 15:55:21] [ACK] ACK:1014
[2026-01-23 15:55:21] [ACK] ACK:1015
[2026-01-23 15:55:21] [ACK] ACK:1016
[2026-01-23 15:55:21] [ACK] ACK:1017
[2026-01-23 15:55:21] [ACK] ACK:1018
[2026-01-23 15:55:21] [ACK] ACK:1019
[2026-01-23 15:55:21] [ACK] ACK:1020
[2026-01-23 15:55:21] [ACK] ACK:1021
[2026-01-23 15:55:21] [ACK] ACK:1022
[2026-01-23 15:55:21] [ACK] ACK:1023
[2026-01-23 15:55:22] [ACK] ACK:1024
[2026-01-23 15:55:22] [ACK] ACK:1025
[2026-01-23 15:55:22] [ACK] ACK:1026
[2026-01-23 15:55:22] [ACK] ACK:1027
[2026-01-23 15:55:22] [ACK] ACK:1028
[2026-01-23 15:55:22] [ACK] ACK:1029
[2026-01-23 15:55:22] [ACK] ACK:1030
[2026-01-23 15:55:22] [ACK] ACK:1031
[2026-01-23 15:55:22] [ACK] ACK:1032
[2026-01-23 15:55:22] [ACK] ACK:1033
[2026-01-23 15:55:23] [ACK] ACK:1034
[2026-01-23 15:55:23] [ACK] ACK:1035
[2026-01-23 15:55:23] [ACK] ACK:1036
[2026-01-23 15:55:23] [ACK] ACK:1037
[2026-01-23 15:55:23] [ACK] ACK:1038
[2026-01-23 15:55:23] [ACK] ACK:1039
[2026-01-23 15:55:23] [ACK] ACK:1040
[2026-01-23 15:55:23] [ACK] ACK:1041
[2026-01-23 15:55:23] [ACK] ACK:1042
[2026-01-23 15:55:24] [ACK] ACK:1043
[2026-01-23 15:55:24] [ACK] ACK:1044
[2026-01-23 15:55:24] [ACK] ACK:1045
[2026-01-23 15:55:24] [ACK] ACK:1046
[2026-01-23 15:55:24] [ACK] ACK:1047
[2026-01-23 15:55:24] [ACK] ACK:1048
[2026-01-23 15:55:24] [ACK] ACK:1049
[2026-01-23 15:55:24] [ACK] ACK:1050
[2026-01-23 15:55:24] [ACK] ACK:1051
[2026-01-23 15:55:24] [ACK] ACK:1052
[2026-01-23 15:55:25] [ACK] ACK:1053
[2026-01-23 15:55:25] [ACK] ACK:1054
[2026-01-23 15:55:25] [ACK] ACK:1055
[2026-01-23 15:55:25] [ACK] ACK:1056
[2026-01-23 15:55:25] [ACK] ACK:1057
[2026-01-23 15:55:25] [ACK] ACK:1058
[2026-01-23 15:55:25] [ACK] ACK:1059
[2026-01-23 15:55:25] [ACK] ACK:1060
[2026-01-23 15:55:25] [ACK] ACK:1061
[2026-01-23 15:55:26] [ACK] ACK:1062
[2026-01-23 15:55:26] [ACK] ACK:1063
[2026-01-23 15:55:26] [ACK] ACK:1064
[2026-01-23 15:55:26] [ACK] ACK:1065
[2026-01-23 15:55:26] [ACK] ACK:1066
[2026-01-23 15:55:26] [ACK] ACK:1067
[2026-01-23 15:55:26] [ACK] ACK:1068
[2026-01-23 15:55:26] [ACK] ACK:1069
[2026-01-23 15:55:26] [ACK] ACK:1070
[2026-01-23 15:55:26] [ACK] ACK:1071
[2026-01-23 15:55:27] [ACK] ACK:1072
[2026-01-23 15:55:27] [ACK] ACK:1073
[2026-01-23 15:55:27] [ACK] ACK:1074
[2026-01-23 15:55:27] [ACK] ACK:1075
[2026-01-23 15:55:27] [ACK] ACK:1076
[2026-01-23 15:55:27] [ACK] ACK:1077
[2026-01-23 15:55:27] [ACK] ACK:1078
[2026-01-23 15:55:27] [ACK] ACK:1079
[2026-01-23 15:55:27] [ACK] ACK:1080
[2026-01-23 15:55:28] [ACK] ACK:1081
[2026-01-23 15:55:28] [ACK] ACK:1082
[2026-01-23 15:55:28] [ACK] ACK:1083
[2026-01-23 15:55:28] [ACK] ACK:1084
[2026-01-23 15:55:28] [ACK] ACK:1085
[2026-01-23 15:55:28] [ACK] ACK:1086
[2026-01-23 15:55:28] [ACK] ACK:1087
[2026-01-23 15:55:28] [ACK] ACK:1088
[2026-01-23 15:55:28] [ACK] ACK:1089
[2026-01-23 15:55:28] [ACK] ACK:1090
[2026-01-23 15:55:29] [ACK] ACK:1091
[2026-01-23 15:55:29] [ACK] ACK:1092
[2026-01-23 15:55:29] [ACK] ACK:1093
[2026-01-23 15:55:29] [ACK] ACK:1094
[2026-01-23 15:55:29] [ACK] ACK:1095
[2026-01-23 15:55:29] [ACK] ACK:1096
[2026-01-23 15:55:29] [ACK] ACK:1097
[2026-01-23 15:55:29] [ACK] ACK:1098
[2026-01-23 15:55:29] [ACK] ACK:1099
[2026-01-23 15:55:30] [ACK] ACK:1100
[2026-01-23 15:55:30] [ACK] ACK:1101
[2026-01-23 15:55:30] [ACK] ACK:1102
[2026-01-23 15:55:30] [ACK] ACK:1103
[2026-01-23 15:55:30] [ACK] ACK:1104
[2026-01-23 15:55:30] [ACK] ACK:1105
[2026-01-23 15:55:30] [ACK] ACK:1106
[2026-01-23 15:55:30] [ACK] ACK:1107
[2026-01-23 15:55:30] [ACK] ACK:1108
[2026-01-23 15:55:30] [ACK] ACK:1109
[2026-01-23 15:55:31] [ACK] ACK:1110
[2026-01-23 15:55:31] [ACK] ACK:1111
[2026-01-23 15:55:31] [ACK] ACK:1112
[2026-01-23 15:55:31] [ACK] ACK:1113
[2026-01-23 15:55:31] [ACK] ACK:1114
[2026-01-23 15:55:31] [ACK] ACK:1115
[2026-01-23 15:55:31] [ACK] ACK:1116
[2026-01-23 15:55:31] [ACK] ACK:1117
[2026-01-23 15:55:31] [ACK] ACK:1118
[2026-01-23 15:55:32] [ACK] ACK:1119
[2026-01-23 15:55:32] [ACK] ACK:1120
[2026-01-23 15:55:32] [ACK] ACK:1121
[2026-01-23 15:55:32] [ACK] ACK:1122
[2026-01-23 15:55:32] [ACK] ACK:1123
[2026-01-23 15:55:32] [ACK] ACK:1124
[2026-01-23 15:55:32] [ACK] ACK:1125
[2026-01-23 15:55:32] [ACK] ACK:1126
[2026-01-23 15:55:32] [ACK] ACK:1127
[2026-01-23 15:55:32] [ACK] ACK:1128
[2026-01-23 15:55:33] [ACK] ACK:1129
[2026-01-23 15:55:33] [ACK] ACK:1130
[2026-01-23 15:55:33] [ACK] ACK:1131
[2026-01-23 15:55:33] [ACK] ACK:1132
[2026-01-23 15:55:33] [ACK] ACK:1133
[2026-01-23 15:55:33] [ACK] ACK:1134
[2026-01-23 15:55:33] [ACK] ACK:1135
[2026-01-23 15:55:33] [ACK] ACK:1136
[2026-01-23 15:55:33] [ACK] ACK:1137
[2026-01-23 15:55:33] [ACK] ACK:1138
[2026-01-23 15:55:34] [ACK] ACK:1139
[2026-01-23 15:55:34] [ACK] ACK:1140
[2026-01-23 15:55:34] [ACK] ACK:1141
[2026-01-23 15:55:34] [ACK] ACK:1142
[2026-01-23 15:55:34] [ACK] ACK:1143
[2026-01-23 15:55:34] [ACK] ACK:1144
[2026-01-23 15:55:34] [ACK] ACK:1145
[2026-01-23 15:55:34] [ACK] ACK:1146
[2026-01-23 15:55:34] [ACK] ACK:1147
[2026-01-23 15:55:35] [ACK] ACK:1148
[2026-01-23 15:55:35] [ACK] ACK:1149
[2026-01-23 15:55:35] [ACK] ACK:1150
[2026-01-23 15:55:35] [ACK] ACK:1151
[2026-01-23 15:55:35] [ACK] ACK:1152
[2026-01-23 15:55:35] [ACK] ACK:1153
[2026-01-23 15:55:35] [ACK] ACK:1154
[2026-01-23 15:55:35] [ACK] ACK:1155
[2026-01-23 15:55:35] [ACK] ACK:1156
[2026-01-23 15:55:35] [ACK] ACK:1157
[2026-01-23 15:55:36] [ACK] ACK:1158
[2026-01-23 15:55:36] [ACK] ACK:1159
[2026-01-23 15:55:36] [ACK] ACK:1160
[2026-01-23 15:55:36] [ACK] ACK:1161
[2026-01-23 15:55:36] [ACK] ACK:1162
[2026-01-23 15:55:36] [ACK] ACK:1163
[2026-01-23 15:55:36] [ACK] ACK:1164
[2026-01-23 15:55:36] [ACK] ACK:1165
[2026-01-23 15:55:36] [ACK] ACK:1166
[2026-01-23 15:55:37] [ACK] ACK:1167
[2026-01-23 15:55:37] [ACK] ACK:1168
[2026-01-23 15:55:37] [ACK] ACK:1169
[2026-01-23 15:55:37] [ACK] ACK:1170
[2026-01-23 15:55:37] [ACK] ACK:1171
[2026-01-23 15:55:37] [ACK] ACK:1172
[2026-01-23 15:55:37] [ACK] ACK:1173
[2026-01-23 15:55:37] [ACK] ACK:1174
[2026-01-23 15:55:37] [ACK] ACK:1175
[2026-01-23 15:55:37] [ACK] ACK:1176
[2026-01-23 15:55:38] [ACK] ACK:1177
[2026-01-23 15:55:38] [ACK] ACK:1178
[2026-01-23 15:55:38] [ACK] ACK:1179
[2026-01-23 15:55:38] [ACK] ACK:1180
[2026-01-23 15:55:38] [ACK] ACK:1181
[2026-01-23 15:55:38] [ACK] ACK:1182
[2026-01-23 15:55:38] [ACK] ACK:1183
[2026-01-23 15:55:38] [ACK] ACK:1184
[2026-01-23 15:55:38] [ACK] ACK:1185
[2026-01-23 15:55:39] [ACK] ACK:1186
[2026-01-23 15:55:39] [ACK] ACK:1187
[2026-01-23 15:55:39] [ACK] ACK:1188
[2026-01-23 15:55:39] [ACK] ACK:1189
[2026-01-23 15:55:39] [ACK] ACK:1190
[2026-01-23 15:55:39] [ACK] ACK:1191
[2026-01-23 15:55:39] [ACK] ACK:1192
[2026-01-23 15:55:39] [ACK] ACK:1193
[2026-01-23 15:55:39] [ACK] ACK:1194
[2026-01-23 15:55:39] [ACK] ACK:1195
[2026-01-23 15:55:40] [ACK] ACK:1196
[2026-01-23 15:55:40] [ACK] ACK:1197
[2026-01-23 15:55:40] [ACK] ACK:1198
[2026-01-23 15:55:40] [ACK] ACK:1199
[2026-01-23 15:55:40] [ACK] ACK:1200
[2026-01-23 15:55:40] [ACK] ACK:1201
[2026-01-23 15:55:40] [ACK] ACK:1202
[2026-01-23 15:55:40] [ACK] ACK:1203
[2026-01-23 15:55:40] [ACK] ACK:1204
[2026-01-23 15:55:41] [ACK] ACK:1205
[2026-01-23 15:55:41] [ACK] ACK:1206
[2026-01-23 15:55:41] [ACK] ACK:1207
[2026-01-23 15:55:41] [ACK] ACK:1208
[2026-01-23 15:55:41] [ACK] ACK:1209
[2026-01-23 15:55:41] [ACK] ACK:1210
[2026-01-23 15:55:41] [ACK] ACK:1211
[2026-01-23 15:55:41] [ACK] ACK:1212
[2026-01-23 15:55:41] [ACK] ACK:1213
[2026-01-23 15:55:41] [ACK] ACK:1214
[2026-01-23 15:55:42] [ACK] ACK:1215
[2026-01-23 15:55:42] [ACK] ACK:1216
[2026-01-23 15:55:42] [ACK] ACK:1217
[2026-01-23 15:55:42] [ACK] ACK:1218
[2026-01-23 15:55:42] [ACK] ACK:1219
[2026-01-23 15:55:42] [ACK] ACK:1220
[2026-01-23 15:55:42] [ACK] ACK:1221
[2026-01-23 15:55:42] [ACK] ACK:1222
[2026-01-23 15:55:42] [ACK] ACK:1223
[2026-01-23 15:55:43] [ACK] ACK:1224
[2026-01-23 15:55:43] [ACK] ACK:1225
[2026-01-23 15:55:43] [ACK] ACK:1226
[2026-01-23 15:55:43] [ACK] ACK:1227
[2026-01-23 15:55:43] [ACK] ACK:1228
[2026-01-23 15:55:43] [ACK] ACK:1229
[2026-01-23 15:55:43] [ACK] ACK:1230
[2026-01-23 15:55:43] [ACK] ACK:1231
[2026-01-23 15:55:43] [ACK] ACK:1232
[2026-01-23 15:55:43] [ACK] ACK:1233
[2026-01-23 15:55:44] [ACK] ACK:1234
[2026-01-23 15:55:44] [ACK] ACK:1235
[2026-01-23 15:55:44] [ACK] ACK:1236
[2026-01-23 15:55:44] [ACK] ACK:1237
[2026-01-23 15:55:44] [ACK] ACK:1238
[2026-01-23 15:55:44] [ACK] ACK:1239
[2026-01-23 15:55:44] [ACK] ACK:1240
[2026-01-23 15:55:44] [ACK] ACK:1241
[2026-01-23 15:55:44] [ACK] ACK:1242
[2026-01-23 15:55:44] [ACK] ACK:1243
[2026-01-23 15:55:45] [ACK] ACK:1244
[2026-01-23 15:55:45] [ACK] ACK:1245
[2026-01-23 15:55:45] [ACK] ACK:1246
[2026-01-23 15:55:45] [ACK] ACK:1247
[2026-01-23 15:55:45] [ACK] ACK:1248
[2026-01-23 15:55:45] [ACK] ACK:1249
[2026-01-23 15:55:45] [ACK] ACK:1250
[2026-01-23 15:55:45] [ACK] ACK:1251
[2026-01-23 15:55:45] [ACK] ACK:1252
[2026-01-23 15:55:46] [ACK] ACK:1253
[2026-01-23 15:55:46] [ACK] ACK:1254
[2026-01-23 15:55:46] [ACK] ACK:1255
[2026-01-23 15:55:46] [ACK] ACK:1256
[2026-01-23 15:55:46] [ACK] ACK:1257
[2026-01-23 15:55:46] [ACK] ACK:1258
[2026-01-23 15:55:46] [ACK] ACK:1259
[2026-01-23 15:55:46] [ACK] ACK:1260
[2026-01-23 15:55:46] [ACK] ACK:1261
[2026-01-23 15:55:46] [ACK] ACK:1262
[2026-01-23 15:55:47] [ACK] ACK:1263
[2026-01-23 15:55:47] [ACK] ACK:1264
[2026-01-23 15:55:47] [ACK] ACK:1265
[2026-01-23 15:55:47] [ACK] ACK:1266
[2026-01-23 15:55:47] [ACK] ACK:1267
[2026-01-23 15:55:47] [ACK] ACK:1268
[2026-01-23 15:55:47] [ACK] ACK:1269
[2026-01-23 15:55:47] [ACK] ACK:1270
[2026-01-23 15:55:47] [ACK] ACK:1271
[2026-01-23 15:55:48] [ACK] ACK:1272
[2026-01-23 15:55:48] [ACK] ACK:1273
[2026-01-23 15:55:48] [ACK] ACK:1274
[2026-01-23 15:55:48] [ACK] ACK:1275
[2026-01-23 15:55:48] [ACK] ACK:1276
[2026-01-23 15:55:48] [ACK] ACK:1277
[2026-01-23 15:55:48] [ACK] ACK:1278
[2026-01-23 15:55:48] [ACK] ACK:1279
[2026-01-23 15:55:48] [ACK] ACK:1280
[2026-01-23 15:55:48] [ACK] ACK:1281
[2026-01-23 15:55:49] [ACK] ACK:1282
[2026-01-23 15:55:49] [ACK] ACK:1283
[2026-01-23 15:55:49] [ACK] ACK:1284
[2026-01-23 15:55:49] [ACK] ACK:1285
[2026-01-23 15:55:49] [ACK] ACK:1286
[2026-01-23 15:55:49] [ACK] ACK:1287
[2026-01-23 15:55:49] [ACK] ACK:1288
[2026-01-23 15:55:49] [ACK] ACK:1289
[2026-01-23 15:55:49] [ACK] ACK:1290
[2026-01-23 15:55:50] [ACK] ACK:1291
[2026-01-23 15:55:50] [ACK] ACK:1292
[2026-01-23 15:55:50] [ACK] ACK:1293
[2026-01-23 15:55:50] [ACK] ACK:1294
[2026-01-23 15:55:50] [ACK] ACK:1295
[2026-01-23 15:55:50] [ACK] ACK:1296
[2026-01-23 15:55:50] [ACK] ACK:1297
[2026-01-23 15:55:50] [ACK] ACK:1298
[2026-01-23 15:55:50] [ACK] ACK:1299
[2026-01-23 15:55:50] [ACK] ACK:1300
[2026-01-23 15:55:51] [ACK] ACK:1301
[2026-01-23 15:55:51] [ACK] ACK:1302
[2026-01-23 15:55:51] [ACK] ACK:1303
[2026-01-23 15:55:51] [ACK] ACK:1304
[2026-01-23 15:55:51] [ACK] ACK:1305
[2026-01-23 15:55:51] [ACK] ACK:1306
[2026-01-23 15:55:51] [ACK] ACK:1307
[2026-01-23 15:55:51] [ACK] ACK:1308
[2026-01-23 15:55:51] [ACK] ACK:1309
[2026-01-23 15:55:52] [ACK] ACK:1310
[2026-01-23 15:55:52] [ACK] ACK:1311
[2026-01-23 15:55:52] [ACK] ACK:1312
[2026-01-23 15:55:52] [ACK] ACK:1313
[2026-01-23 15:55:52] [ACK] ACK:1314
[2026-01-23 15:55:52] [ACK] ACK:1315
[2026-01-23 15:55:52] [ACK] ACK:1316
[2026-01-23 15:55:52] [ACK] ACK:1317
[2026-01-23 15:55:52] [ACK] ACK:1318
[2026-01-23 15:55:52] [ACK] ACK:1319
[2026-01-23 15:55:53] [ACK] ACK:1320
[2026-01-23 15:55:53] [ACK] ACK:1321
[2026-01-23 15:55:53] [ACK] ACK:1322
[2026-01-23 15:55:53] [ACK] ACK:1323
[2026-01-23 15:55:53] [ACK] ACK:1324
[2026-01-23 15:55:53] [ACK] ACK:1325
[2026-01-23 15:55:53] [ACK] ACK:1326
[2026-01-23 15:55:53] [ACK] ACK:1327
[2026-01-23 15:55:53] [ACK] ACK:1328
[2026-01-23 15:55:53] [ACK] ACK:1329
[2026-01-23 15:55:54] [ACK] ACK:1330
[2026-01-23 15:55:54] [ACK] ACK:1331
[2026-01-23 15:55:54] [ACK] ACK:1332
[2026-01-23 15:55:54] [ACK] ACK:1333
[2026-01-23 15:55:54] [ACK] ACK:1334
[2026-01-23 15:55:54] [ACK] ACK:1335
[2026-01-23 15:55:54] [ACK] ACK:1336
[2026-01-23 15:55:54] [ACK] ACK:1337
[2026-01-23 15:55:54] [ACK] ACK:1338
[2026-01-23 15:55:55] [ACK] ACK:1339
[2026-01-23 15:55:55] [ACK] ACK:1340
[2026-01-23 15:55:55] [ACK] ACK:1341
[2026-01-23 15:55:55] [ACK] ACK:1342
[2026-01-23 15:55:55] [ACK] ACK:1343
[2026-01-23 15:55:55] [ACK] ACK:1344
[2026-01-23 15:55:55] [ACK] ACK:1345
[2026-01-23 15:55:55] [ACK] ACK:1346
[2026-01-23 15:55:55] [ACK] ACK:1347
[2026-01-23 15:55:55] [ACK] ACK:1348
[2026-01-23 15:55:56] [ACK] ACK:1349
[2026-01-23 15:55:56] [ACK] ACK:1350
[2026-01-23 15:55:56] [ACK] ACK:1351
[2026-01-23 15:55:56] [ACK] ACK:1352
[2026-01-23 15:55:56] [ACK] ACK:1353
[2026-01-23 15:55:56] [ACK] ACK:1354
[2026-01-23 15:55:56] [ACK] ACK:1355
[2026-01-23 15:55:56] [ACK] ACK:1356
[2026-01-23 15:55:56] [ACK] ACK:1357
[2026-01-23 15:55:57] [ACK] ACK:1358
[2026-01-23 15:55:57] [ACK] ACK:1359
[2026-01-23 15:55:57] [ACK] ACK:1360
[2026-01-23 15:55:57] [ACK] ACK:1361
[2026-01-23 15:55:57] [ACK] ACK:1362
[2026-01-23 15:55:57] [ACK] ACK:1363
[2026-01-23 15:55:57] [ACK] ACK:1364
[2026-01-23 15:55:57] [ACK] ACK:1365
[2026-01-23 15:55:57] [ACK] ACK:1366
[2026-01-23 15:55:57] [ACK] ACK:1367
[2026-01-23 15:55:58] [ACK] ACK:1368
[2026-01-23 15:55:58] [ACK] ACK:1369
[2026-01-23 15:55:58] [ACK] ACK:1370
[2026-01-23 15:55:58] [ACK] ACK:1371
[2026-01-23 15:55:58] [ACK] ACK:1372
[2026-01-23 15:55:58] [ACK] ACK:1373
[2026-01-23 15:55:58] [ACK] ACK:1374
[2026-01-23 15:55:58] [ACK] ACK:1375
[2026-01-23 15:55:58] [ACK] ACK:1376
[2026-01-23 15:55:59] [ACK] ACK:1377
[2026-01-23 15:55:59] [ACK] ACK:1378
[2026-01-23 15:55:59] [ACK] ACK:1379
[2026-01-23 15:55:59] [ACK] ACK:1380
[2026-01-23 15:55:59] [ACK] ACK:1381
[2026-01-23 15:55:59] [ACK] ACK:1382
[2026-01-23 15:55:59] [ACK] ACK:1383
[2026-01-23 15:55:59] [ACK] ACK:1384
[2026-01-23 15:55:59] [ACK] ACK:1385
[2026-01-23 15:55:59] [ACK] ACK:1386
[2026-01-23 15:56:00] [ACK] ACK:1387
[2026-01-23 15:56:00] [ACK] ACK:1388
[2026-01-23 15:56:00] [ACK] ACK:1389
[2026-01-23 15:56:00] [ACK] ACK:1390
[2026-01-23 15:56:00] [ACK] ACK:1391
[2026-01-23 15:56:00] [ACK] ACK:1392
[2026-01-23 15:56:00] [ACK] ACK:1393
[2026-01-23 15:56:00] [ACK] ACK:1394
[2026-01-23 15:56:00] [ACK] ACK:1395
[2026-01-23 15:56:01] [ACK] ACK:1396
[2026-01-23 15:56:01] [ACK] ACK:1397
[2026-01-23 15:56:01] [ACK] ACK:1398
[2026-01-23 15:56:01] [ACK] ACK:1399
[2026-01-23 15:56:01] [ACK] ACK:1400
[2026-01-23 15:56:01] [ACK] ACK:1401
[2026-01-23 15:56:01] [ACK] ACK:1402
[2026-01-23 15:56:01] [ACK] ACK:1403
[2026-01-23 15:56:01] [ACK] ACK:1404
[2026-01-23 15:56:01] [ACK] ACK:1405
[2026-01-23 15:56:02] [ACK] ACK:1406
[2026-01-23 15:56:02] [ACK] ACK:1407
[2026-01-23 15:56:02] [ACK] ACK:1408
[2026-01-23 15:56:02] [ACK] ACK:1409
[2026-01-23 15:56:02] [ACK] ACK:1410
[2026-01-23 15:56:02] [ACK] ACK:1411
[2026-01-23 15:56:02] [ACK] ACK:1412
[2026-01-23 15:56:02] [ACK] ACK:1413
[2026-01-23 15:56:02] [ACK] ACK:1414
[2026-01-23 15:56:03] [ACK] ACK:1415
[2026-01-23 15:56:03] [ACK] ACK:1416
[2026-01-23 15:56:03] [ACK] ACK:1417
[2026-01-23 15:56:03] [ACK] ACK:1418
[2026-01-23 15:56:03] [ACK] ACK:1419
[2026-01-23 15:56:03] [ACK] ACK:1420
[2026-01-23 15:56:03] [ACK] ACK:1421
[2026-01-23 15:56:03] [ACK] ACK:1422
[2026-01-23 15:56:03] [ACK] ACK:1423
[2026-01-23 15:56:03] [ACK] ACK:1424
[2026-01-23 15:56:04] [ACK] ACK:1425
[2026-01-23 15:56:04] [ACK] ACK:1426
[2026-01-23 15:56:04] [ACK] ACK:1427
[2026-01-23 15:56:04] [ACK] ACK:1428
[2026-01-23 15:56:04] [ACK] ACK:1429
[2026-01-23 15:56:04] [ACK] ACK:1430
[2026-01-23 15:56:04] [ACK] ACK:1431
[2026-01-23 15:56:04] [ACK] ACK:1432
[2026-01-23 15:56:04] [ACK] ACK:1433
[2026-01-23 15:56:04] [ACK] ACK:1434
[2026-01-23 15:56:05] [ACK] ACK:1435
[2026-01-23 15:56:05] [ACK] ACK:1436
[2026-01-23 15:56:05] [ACK] ACK:1437
[2026-01-23 15:56:05] [ACK] ACK:1438
[2026-01-23 15:56:05] [ACK] ACK:1439
[2026-01-23 15:56:05] [ACK] ACK:1440
[2026-01-23 15:56:05] [ACK] ACK:1441
[2026-01-23 15:56:05] [ACK] ACK:1442
[2026-01-23 15:56:05] [ACK] ACK:1443
[2026-01-23 15:56:06] [ACK] ACK:1444
[2026-01-23 15:56:06] [ACK] ACK:1445
[2026-01-23 15:56:06] [ACK] ACK:1446
[2026-01-23 15:56:06] [ACK] ACK:1447
[2026-01-23 15:56:06] [ACK] ACK:1448
[2026-01-23 15:56:06] [ACK] ACK:1449
[2026-01-23 15:56:06] [ACK] ACK:1450
[2026-01-23 15:56:06] [ACK] ACK:1451
[2026-01-23 15:56:06] [ACK] ACK:1452
[2026-01-23 15:56:06] [ACK] ACK:1453
[2026-01-23 15:56:07] [ACK] ACK:1454
[2026-01-23 15:56:07] [ACK] ACK:1455
[2026-01-23 15:56:07] [ACK] ACK:1456
[2026-01-23 15:56:07] [ACK] ACK:1457
[2026-01-23 15:56:07] [ACK] ACK:1458
[2026-01-23 15:56:07] [ACK] ACK:1459
[2026-01-23 15:56:07] [ACK] ACK:1460
[2026-01-23 15:56:07] [ACK] ACK:1461
[2026-01-23 15:56:07] [ACK] ACK:1462
[2026-01-23 15:56:08] [ACK] ACK:1463
[2026-01-23 15:56:08] [ACK] ACK:1464
[2026-01-23 15:56:08] [ACK] ACK:1465
[2026-01-23 15:56:08] [ACK] ACK:1466
[2026-01-23 15:56:08] [ACK] ACK:1467
[2026-01-23 15:56:08] [ACK] ACK:1468
[2026-01-23 15:56:08] [ACK] ACK:1469
[2026-01-23 15:56:08] [ACK] ACK:1470
[2026-01-23 15:56:08] [ACK] ACK:1471
[2026-01-23 15:56:08] [ACK] ACK:1472
[2026-01-23 15:56:09] [ACK] ACK:1473
[2026-01-23 15:56:09] [ACK] ACK:1474
[2026-01-23 15:56:09] [ACK] ACK:1475
[2026-01-23 15:56:09] [ACK] ACK:1476
[2026-01-23 15:56:09] [ACK] ACK:1477
[2026-01-23 15:56:09] [ACK] ACK:1478
[2026-01-23 15:56:09] [ACK] ACK:1479
[2026-01-23 15:56:09] [ACK] ACK:1480
[2026-01-23 15:56:09] [ACK] ACK:1481
[2026-01-23 15:56:10] [ACK] ACK:1482
[2026-01-23 15:56:10] [ACK] ACK:1483
[2026-01-23 15:56:10] [ACK] ACK:1484
[2026-01-23 15:56:10] [ACK] ACK:1485
[2026-01-23 15:56:10] [ACK] ACK:1486
[2026-01-23 15:56:10] [ACK] ACK:1487
[2026-01-23 15:56:10] [ACK] ACK:1488
[2026-01-23 15:56:10] [ACK] ACK:1489
[2026-01-23 15:56:10] [ACK] ACK:1490
[2026-01-23 15:56:10] [ACK] ACK:1491
[2026-01-23 15:56:11] [ACK] ACK:1492
[2026-01-23 15:56:11] [ACK] ACK:1493
[2026-01-23 15:56:11] [ACK] ACK:1494
[2026-01-23 15:56:11] [ACK] ACK:1495
[2026-01-23 15:56:11] [ACK] ACK:1496
[2026-01-23 15:56:11] [ACK] ACK:1497
[2026-01-23 15:56:11] [ACK] ACK:1498
[2026-01-23 15:56:11] [ACK] ACK:1499
[2026-01-23 15:56:11] [ACK] ACK:1500
[2026-01-23 15:56:12] [ACK] ACK:1501
[2026-01-23 15:56:12] [ACK] ACK:1502
[2026-01-23 15:56:12] [ACK] ACK:1503
[2026-01-23 15:56:12] [ACK] ACK:1504
[2026-01-23 15:56:12] [ACK] ACK:1505
[2026-01-23 15:56:12] [ACK] ACK:1506
[2026-01-23 15:56:12] [ACK] ACK:1507
[2026-01-23 15:56:12] [ACK] ACK:1508
[2026-01-23 15:56:12] [ACK] ACK:1509
[2026-01-23 15:56:12] [ACK] ACK:1510
[2026-01-23 15:56:13] [ACK] ACK:1511
[2026-01-23 15:56:13] [ACK] ACK:1512
[2026-01-23 15:56:13] [ACK] ACK:1513
[2026-01-23 15:56:13] [ACK] ACK:1514
[2026-01-23 15:56:13] [ACK] ACK:1515
[2026-01-23 15:56:13] [ACK] ACK:1516
[2026-01-23 15:56:13] [ACK] ACK:1517
[2026-01-23 15:56:13] [ACK] ACK:1518
[2026-01-23 15:56:13] [ACK] ACK:1519
[2026-01-23 15:56:14] [ACK] ACK:1520
[2026-01-23 15:56:14] [ACK] ACK:1521
[2026-01-23 15:56:14] [ACK] ACK:1522
[2026-01-23 15:56:14] [ACK] ACK:1523
[2026-01-23 15:56:14] [ACK] ACK:1524
[2026-01-23 15:56:14] [ACK] ACK:1525
[2026-01-23 15:56:14] [ACK] ACK:1526
[2026-01-23 15:56:14] [ACK] ACK:1527
[2026-01-23 15:56:14] [ACK] ACK:1528
[2026-01-23 15:56:14] [ACK] ACK:1529
[2026-01-23 15:56:15] [ACK] ACK:1530
[2026-01-23 15:56:15] [ACK] ACK:1531
[2026-01-23 15:56:15] [ACK] ACK:1532
[2026-01-23 15:56:15] [ACK] ACK:1533
[2026-01-23 15:56:15] [ACK] ACK:1534
[2026-01-23 15:56:15] [ACK] ACK:1535
[2026-01-23 15:56:15] [ACK] ACK:1536
[2026-01-23 15:56:15] [ACK] ACK:1537
[2026-01-23 15:56:15] [ACK] ACK:1538
[2026-01-23 15:56:15] [ACK] ACK:1539
[2026-01-23 15:56:16] [ACK] ACK:1540
[2026-01-23 15:56:16] [ACK] ACK:1541
[2026-01-23 15:56:16] [ACK] ACK:1542
[2026-01-23 15:56:16] [ACK] ACK:1543
[2026-01-23 15:56:16] [ACK] ACK:1544
[2026-01-23 15:56:16] [ACK] ACK:1545
[2026-01-23 15:56:16] [ACK] ACK:1546
[2026-01-23 15:56:16] [ACK] ACK:1547
[2026-01-23 15:56:16] [ACK] ACK:1548
[2026-01-23 15:56:17] [ACK] ACK:1549
[2026-01-23 15:56:17] [ACK] ACK:1550
[2026-01-23 15:56:17] [ACK] ACK:1551
[2026-01-23 15:56:17] [ACK] ACK:1552
[2026-01-23 15:56:17] [ACK] ACK:1553
[2026-01-23 15:56:17] [ACK] ACK:1554
[2026-01-23 15:56:17] [ACK] ACK:1555
[2026-01-23 15:56:17] [ACK] ACK:1556
[2026-01-23 15:56:17] [ACK] ACK:1557
[2026-01-23 15:56:17] [ACK] ACK:1558
[2026-01-23 15:56:18] [ACK] ACK:1559
[2026-01-23 15:56:18] [ACK] ACK:1560
[2026-01-23 15:56:18] [ACK] ACK:1561
[2026-01-23 15:56:18] [ACK] ACK:1562
[2026-01-23 15:56:18] [ACK] ACK:1563
[2026-01-23 15:56:18] [ACK] ACK:1564
[2026-01-23 15:56:18] [ACK] ACK:1565
[2026-01-23 15:56:18] [ACK] ACK:1566
[2026-01-23 15:56:18] [ACK] ACK:1567
[2026-01-23 15:56:19] [ACK] ACK:1568
[2026-01-23 15:56:19] [ACK] ACK:1569
[2026-01-23 15:56:19] [ACK] ACK:1570
[2026-01-23 15:56:19] [ACK] ACK:1571
[2026-01-23 15:56:19] [ACK] ACK:1572
[2026-01-23 15:56:19] [ACK] ACK:1573
[2026-01-23 15:56:19] [ACK] ACK:1574
[2026-01-23 15:56:19] [ACK] ACK:1575
[2026-01-23 15:56:19] [ACK] ACK:1576
[2026-01-23 15:56:19] [ACK] ACK:1577
[2026-01-23 15:56:20] [ACK] ACK:1578
[2026-01-23 15:56:20] [ACK] ACK:1579
[2026-01-23 15:56:20] [ACK] ACK:1580
[2026-01-23 15:56:20] [ACK] ACK:1581
[2026-01-23 15:56:20] [ACK] ACK:1582
[2026-01-23 15:56:20] [ACK] ACK:1583
[2026-01-23 15:56:20] [ACK] ACK:1584
[2026-01-23 15:56:20] [ACK] ACK:1585
[2026-01-23 15:56:20] [ACK] ACK:1586
[2026-01-23 15:56:21] [ACK] ACK:1587
[2026-01-23 15:56:21] [ACK] ACK:1588
[2026-01-23 15:56:21] [ACK] ACK:1589
[2026-01-23 15:56:21] [ACK] ACK:1590
[2026-01-23 15:56:21] [ACK] ACK:1591
[2026-01-23 15:56:21] [ACK] ACK:1592
[2026-01-23 15:56:21] [ACK] ACK:1593
[2026-01-23 15:56:21] [ACK] ACK:1594
[2026-01-23 15:56:21] [ACK] ACK:1595
[2026-01-23 15:56:21] [ACK] ACK:1596
[2026-01-23 15:56:22] [ACK] ACK:1597
[2026-01-23 15:56:22] [ACK] ACK:1598
[2026-01-23 15:56:22] [ACK] ACK:1599
[2026-01-23 15:56:22] [ACK] ACK:1600
[2026-01-23 15:56:22] [ACK] ACK:1601
[2026-01-23 15:56:22] [ACK] ACK:1602
[2026-01-23 15:56:22] [ACK] ACK:1603
[2026-01-23 15:56:22] [ACK] ACK:1604
[2026-01-23 15:56:22] [ACK] ACK:1605
[2026-01-23 15:56:23] [ACK] ACK:1606
[2026-01-23 15:56:23] [ACK] ACK:1607
[2026-01-23 15:56:23] [ACK] ACK:1608
[2026-01-23 15:56:23] [ACK] ACK:1609
[2026-01-23 15:56:23] [ACK] ACK:1610
[2026-01-23 15:56:23] [ACK] ACK:1611
[2026-01-23 15:56:23] [ACK] ACK:1612
[2026-01-23 15:56:23] [ACK] ACK:1613
[2026-01-23 15:56:23] [ACK] ACK:1614
[2026-01-23 15:56:23] [ACK] ACK:1615
[2026-01-23 15:56:24] [ACK] ACK:1616
[2026-01-23 15:56:24] [ACK] ACK:1617
[2026-01-23 15:56:24] [ACK] ACK:1618
[2026-01-23 15:56:24] [ACK] ACK:1619
[2026-01-23 15:56:24] [ACK] ACK:1620
[2026-01-23 15:56:24] [ACK] ACK:1621
[2026-01-23 15:56:24] [ACK] ACK:1622
[2026-01-23 15:56:24] [ACK] ACK:1623
[2026-01-23 15:56:24] [ACK] ACK:1624
[2026-01-23 15:56:25] [ACK] ACK:1625
[2026-01-23 15:56:25] [ACK] ACK:1626
[2026-01-23 15:56:25] [ACK] ACK:1627
[2026-01-23 15:56:25] [ACK] ACK:1628
[2026-01-23 15:56:25] [ACK] ACK:1629
[2026-01-23 15:56:25] [ACK] ACK:1630
[2026-01-23 15:56:25] [ACK] ACK:1631
[2026-01-23 15:56:25] [ACK] ACK:1632
[2026-01-23 15:56:25] [ACK] ACK:1633
[2026-01-23 15:56:25] [ACK] ACK:1634
[2026-01-23 15:56:26] [ACK] ACK:1635
[2026-01-23 15:56:26] [ACK] ACK:1636
[2026-01-23 15:56:26] [ACK] ACK:1637
[2026-01-23 15:56:26] [ACK] ACK:1638
[2026-01-23 15:56:26] [ACK] ACK:1639
[2026-01-23 15:56:26] [ACK] ACK:1640
[2026-01-23 15:56:26] [ACK] ACK:1641
[2026-01-23 15:56:26] [ACK] ACK:1642
[2026-01-23 15:56:26] [ACK] ACK:1643
[2026-01-23 15:56:26] [ACK] ACK:1644
[2026-01-23 15:56:27] [ACK] ACK:1645
[2026-01-23 15:56:27] [ACK] ACK:1646
[2026-01-23 15:56:27] [ACK] ACK:1647
[2026-01-23 15:56:27] [ACK] ACK:1648
[2026-01-23 15:56:27] [ACK] ACK:1649
[2026-01-23 15:56:27] [ACK] ACK:1650
[2026-01-23 15:56:27] [ACK] ACK:1651
[2026-01-23 15:56:27] [ACK] ACK:1652
[2026-01-23 15:56:27] [ACK] ACK:1653
[2026-01-23 15:56:28] [ACK] ACK:1654
[2026-01-23 15:56:28] [ACK] ACK:1655
[2026-01-23 15:56:28] [ACK] ACK:1656
[2026-01-23 15:56:28] [ACK] ACK:1657
[2026-01-23 15:56:28] [ACK] ACK:1658
[2026-01-23 15:56:28] [ACK] ACK:1659
[2026-01-23 15:56:28] [ACK] ACK:1660
[2026-01-23 15:56:28] [ACK] ACK:1661
[2026-01-23 15:56:28] [ACK] ACK:1662
[2026-01-23 15:56:28] [ACK] ACK:1663
[2026-01-23 15:56:29] [ACK] ACK:1664
[2026-01-23 15:56:29] [ACK] ACK:1665
[2026-01-23 15:56:29] [ACK] ACK:1666
[2026-01-23 15:56:29] [ACK] ACK:1667
[2026-01-23 15:56:29] [ACK] ACK:1668
[2026-01-23 15:56:29] [ACK] ACK:1669
[2026-01-23 15:56:29] [ACK] ACK:1670
[2026-01-23 15:56:29] [ACK] ACK:1671
[2026-01-23 15:56:29] [ACK] ACK:1672
[2026-01-23 15:56:30] [ACK] ACK:1673
[2026-01-23 15:56:30] [ACK] ACK:1674
[2026-01-23 15:56:30] [ACK] ACK:1675
[2026-01-23 15:56:30] [ACK] ACK:1676
[2026-01-23 15:56:30] [ACK] ACK:1677
[2026-01-23 15:56:30] [ACK] ACK:1678
[2026-01-23 15:56:30] [ACK] ACK:1679
[2026-01-23 15:56:30] [ACK] ACK:1680
[2026-01-23 15:56:30] [ACK] ACK:1681
[2026-01-23 15:56:30] [ACK] ACK:1682
[2026-01-23 15:56:31] [ACK] ACK:1683
[2026-01-23 15:56:31] [ACK] ACK:1684
[2026-01-23 15:56:31] [ACK] ACK:1685
[2026-01-23 15:56:31] [ACK] ACK:1686
[2026-01-23 15:56:31] [ACK] ACK:1687
[2026-01-23 15:56:31] [ACK] ACK:1688
[2026-01-23 15:56:31] [ACK] ACK:1689
[2026-01-23 15:56:31] [ACK] ACK:1690
[2026-01-23 15:56:31] [ACK] ACK:1691
[2026-01-23 15:56:32] [ACK] ACK:1692
[2026-01-23 15:56:32] [ACK] ACK:1693
[2026-01-23 15:56:32] [ACK] ACK:1694
[2026-01-23 15:56:32] [ACK] ACK:1695
[2026-01-23 15:56:32] [ACK] ACK:1696
[2026-01-23 15:56:32] [ACK] ACK:1697
[2026-01-23 15:56:32] [ACK] ACK:1698
[2026-01-23 15:56:32] [ACK] ACK:1699
[2026-01-23 15:56:32] [ACK] ACK:1700
[2026-01-23 15:56:32] [ACK] ACK:1701
[2026-01-23 15:56:33] [ACK] ACK:1702
[2026-01-23 15:56:33] [ACK] ACK:1703
[2026-01-23 15:56:33] [ACK] ACK:1704
[2026-01-23 15:56:33] [ACK] ACK:1705
[2026-01-23 15:56:33] [ACK] ACK:1706
[2026-01-23 15:56:33] [ACK] ACK:1707
[2026-01-23 15:56:33] [ACK] ACK:1708
[2026-01-23 15:56:33] [ACK] ACK:1709
[2026-01-23 15:56:33] [ACK] ACK:1710
[2026-01-23 15:56:34] [ACK] ACK:1711
[2026-01-23 15:56:34] [ACK] ACK:1712
[2026-01-23 15:56:34] [ACK] ACK:1713
[2026-01-23 15:56:34] [ACK] ACK:1714
[2026-01-23 15:56:34] [ACK] ACK:1715
[2026-01-23 15:56:34] [ACK] ACK:1716
[2026-01-23 15:56:34] [ACK] ACK:1717
[2026-01-23 15:56:34] [ACK] ACK:1718
[2026-01-23 15:56:34] [ACK] ACK:1719
[2026-01-23 15:56:34] [ACK] ACK:1720
[2026-01-23 15:56:35] [ACK] ACK:1721
[2026-01-23 15:56:35] [ACK] ACK:1722
[2026-01-23 15:56:35] [ACK] ACK:1723
[2026-01-23 15:56:35] [ACK] ACK:1724
[2026-01-23 15:56:35] [ACK] ACK:1725
[2026-01-23 15:56:35] [ACK] ACK:1726
[2026-01-23 15:56:35] [ACK] ACK:1727
[2026-01-23 15:56:35] [ACK] ACK:1728
[2026-01-23 15:56:35] [ACK] ACK:1729
[2026-01-23 15:56:36] [ACK] ACK:1730
[2026-01-23 15:56:36] [ACK] ACK:1731
[2026-01-23 15:56:36] [ACK] ACK:1732
[2026-01-23 15:56:36] [ACK] ACK:1733
[2026-01-23 15:56:36] [ACK] ACK:1734
[2026-01-23 15:56:36] [ACK] ACK:1735
[2026-01-23 15:56:36] [ACK] ACK:1736
[2026-01-23 15:56:36] [ACK] ACK:1737
[2026-01-23 15:56:36] [ACK] ACK:1738
[2026-01-23 15:56:36] [ACK] ACK:1739
[2026-01-23 15:56:37] [ACK] ACK:1740
[2026-01-23 15:56:37] [ACK] ACK:1741
[2026-01-23 15:56:37] [ACK] ACK:1742
[2026-01-23 15:56:37] [ACK] ACK:1743
[2026-01-23 15:56:37] [ACK] ACK:1744
[2026-01-23 15:56:37] [ACK] ACK:1745
[2026-01-23 15:56:37] [ACK] ACK:1746
[2026-01-23 15:56:37] [ACK] ACK:1747
[2026-01-23 15:56:37] [ACK] ACK:1748
[2026-01-23 15:56:37] [ACK] ACK:1749
[2026-01-23 15:56:38] [ACK] ACK:1750
[2026-01-23 15:56:38] [ACK] ACK:1751
[2026-01-23 15:56:38] [ACK] ACK:1752
[2026-01-23 15:56:38] [ACK] ACK:1753
[2026-01-23 15:56:38] [ACK] ACK:1754
[2026-01-23 15:56:38] [ACK] ACK:1755
[2026-01-23 15:56:38] [ACK] ACK:1756
[2026-01-23 15:56:38] [ACK] ACK:1757
[2026-01-23 15:56:38] [ACK] ACK:1758
[2026-01-23 15:56:39] [ACK] ACK:1759
[2026-01-23 15:56:39] [ACK] ACK:1760
[2026-01-23 15:56:39] [ACK] ACK:1761
[2026-01-23 15:56:39] [ACK] ACK:1762
[2026-01-23 15:56:39] [ACK] ACK:1763
[2026-01-23 15:56:39] [ACK] ACK:1764
[2026-01-23 15:56:39] [ACK] ACK:1765
[2026-01-23 15:56:39] [ACK] ACK:1766
[2026-01-23 15:56:39] [ACK] ACK:1767
[2026-01-23 15:56:39] [ACK] ACK:1768
[2026-01-23 15:56:40] [ACK] ACK:1769
[2026-01-23 15:56:40] [ACK] ACK:1770
[2026-01-23 15:56:40] [ACK] ACK:1771
[2026-01-23 15:56:40] [ACK] ACK:1772
[2026-01-23 15:56:40] [ACK] ACK:1773
[2026-01-23 15:56:40] [ACK] ACK:1774
[2026-01-23 15:56:40] [ACK] ACK:1775
[2026-01-23 15:56:40] [ACK] ACK:1776
[2026-01-23 15:56:40] [ACK] ACK:1777
[2026-01-23 15:56:41] [ACK] ACK:1778
[2026-01-23 15:56:41] [ACK] ACK:1779
[2026-01-23 15:56:41] [ACK] ACK:1780
[2026-01-23 15:56:41] [ACK] ACK:1781
[2026-01-23 15:56:41] [ACK] ACK:1782
[2026-01-23 15:56:41] [ACK] ACK:1783
[2026-01-23 15:56:41] [ACK] ACK:1784
[2026-01-23 15:56:41] [ACK] ACK:1785
[2026-01-23 15:56:41] [ACK] ACK:1786
[2026-01-23 15:56:41] [ACK] ACK:1787
[2026-01-23 15:56:42] [ACK] ACK:1788
[2026-01-23 15:56:42] [ACK] ACK:1789
[2026-01-23 15:56:42] [ACK] ACK:1790
[2026-01-23 15:56:42] [ACK] ACK:1791
[2026-01-23 15:56:42] [ACK] ACK:1792
[2026-01-23 15:56:42] [ACK] ACK:1793
[2026-01-23 15:56:42] [ACK] ACK:1794
[2026-01-23 15:56:42] [ACK] ACK:1795
[2026-01-23 15:56:42] [ACK] ACK:1796
[2026-01-23 15:56:42] [ACK] ACK:1797
[2026-01-23 15:56:43] [ACK] ACK:1798
[2026-01-23 15:56:43] [ACK] ACK:1799
[2026-01-23 15:56:43] [ACK] ACK:1800
[2026-01-23 15:56:43] [ACK] ACK:1801
[2026-01-23 15:56:43] [ACK] ACK:1802
[2026-01-23 15:56:43] [ACK] ACK:1803
[2026-01-23 15:56:43] [ACK] ACK:1804
[2026-01-23 15:56:43] [ACK] ACK:1805
[2026-01-23 15:56:43] [ACK] ACK:1806
[2026-01-23 15:56:44] [ACK] ACK:1807
[2026-01-23 15:56:44] [ACK] ACK:1808
[2026-01-23 15:56:44] [ACK] ACK:1809
[2026-01-23 15:56:44] [ACK] ACK:1810
[2026-01-23 15:56:44] [ACK] ACK:1811
[2026-01-23 15:56:44] [ACK] ACK:1812
[2026-01-23 15:56:44] [ACK] ACK:1813
[2026-01-23 15:56:44] [ACK] ACK:1814
[2026-01-23 15:56:44] [ACK] ACK:1815
[2026-01-23 15:56:44] [ACK] ACK:1816
[2026-01-23 15:56:45] [ACK] ACK:1817
[2026-01-23 15:56:45] [ACK] ACK:1818
[2026-01-23 15:56:45] [ACK] ACK:1819
[2026-01-23 15:56:45] [ACK] ACK:1820
[2026-01-23 15:56:45] [ACK] ACK:1821
[2026-01-23 15:56:45] [ACK] ACK:1822
[2026-01-23 15:56:45] [ACK] ACK:1823
[2026-01-23 15:56:45] [ACK] ACK:1824
[2026-01-23 15:56:45] [ACK] ACK:1825
[2026-01-23 15:56:46] [ACK] ACK:1826
[2026-01-23 15:56:46] [ACK] ACK:1827
[2026-01-23 15:56:46] [ACK] ACK:1828
[2026-01-23 15:56:46] [ACK] ACK:1829
[2026-01-23 15:56:46] [ACK] ACK:1830
[2026-01-23 15:56:46] [ACK] ACK:1831
[2026-01-23 15:56:46] [ACK] ACK:1832
[2026-01-23 15:56:46] [ACK] ACK:1833
[2026-01-23 15:56:46] [ACK] ACK:1834
[2026-01-23 15:56:46] [ACK] ACK:1835
[2026-01-23 15:56:47] [ACK] ACK:1836
[2026-01-23 15:56:47] [ACK] ACK:1837
[2026-01-23 15:56:47] [ACK] ACK:1838
[2026-01-23 15:56:47] [ACK] ACK:1839
[2026-01-23 15:56:47] [ACK] ACK:1840
[2026-01-23 15:56:47] [ACK] ACK:1841
[2026-01-23 15:56:47] [ACK] ACK:1842
[2026-01-23 15:56:47] [ACK] ACK:1843
[2026-01-23 15:56:47] [ACK] ACK:1844
[2026-01-23 15:56:48] [ACK] ACK:1845
[2026-01-23 15:56:48] [ACK] ACK:1846
[2026-01-23 15:56:48] [ACK] ACK:1847
[2026-01-23 15:56:48] [ACK] ACK:1848
[2026-01-23 15:56:48] [ACK] ACK:1849
[2026-01-23 15:56:48] [ACK] ACK:1850
[2026-01-23 15:56:48] [ACK] ACK:1851
[2026-01-23 15:56:48] [ACK] ACK:1852
[2026-01-23 15:56:48] [ACK] ACK:1853
[2026-01-23 15:56:48] [ACK] ACK:1854
[2026-01-23 15:56:49] [ACK] ACK:1855
[2026-01-23 15:56:49] [ACK] ACK:1856
[2026-01-23 15:56:49] [ACK] ACK:1857
[2026-01-23 15:56:49] [ACK] ACK:1858
[2026-01-23 15:56:49] [ACK] ACK:1859
[2026-01-23 15:56:49] [ACK] ACK:1860
[2026-01-23 15:56:49] [ACK] ACK:1861
[2026-01-23 15:56:49] [ACK] ACK:1862
[2026-01-23 15:56:49] [ACK] ACK:1863
[2026-01-23 15:56:49] [ACK] ACK:1864
[2026-01-23 15:56:50] [ACK] ACK:1865
[2026-01-23 15:56:50] [ACK] ACK:1866
[2026-01-23 15:56:50] [ACK] ACK:1867
[2026-01-23 15:56:50] [ACK] ACK:1868
[2026-01-23 15:56:50] [ACK] ACK:1869
[2026-01-23 15:56:50] [ACK] ACK:1870
[2026-01-23 15:56:50] [ACK] ACK:1871
[2026-01-23 15:56:50] [ACK] ACK:1872
[2026-01-23 15:56:50] [ACK] ACK:1873
[2026-01-23 15:56:51] [ACK] ACK:1874
[2026-01-23 15:56:51] [ACK] ACK:1875
[2026-01-23 15:56:51] [ACK] ACK:1876
[2026-01-23 15:56:51] [ACK] ACK:1877
[2026-01-23 15:56:51] [ACK] ACK:1878
[2026-01-23 15:56:51] [ACK] ACK:1879
[2026-01-23 15:56:51] [ACK] ACK:1880
[2026-01-23 15:56:51] [ACK] ACK:1881
[2026-01-23 15:56:51] [ACK] ACK:1882
[2026-01-23 15:56:51] [ACK] ACK:1883
[2026-01-23 15:56:52] [ACK] ACK:1884
[2026-01-23 15:56:52] [ACK] ACK:1885
[2026-01-23 15:56:52] [ACK] ACK:1886
[2026-01-23 15:56:52] [ACK] ACK:1887
[2026-01-23 15:56:52] [ACK] ACK:1888
[2026-01-23 15:56:52] [ACK] ACK:1889
[2026-01-23 15:56:52] [ACK] ACK:1890
[2026-01-23 15:56:52] [ACK] ACK:1891
[2026-01-23 15:56:52] [ACK] ACK:1892
[2026-01-23 15:56:53] [ACK] ACK:1893
[2026-01-23 15:56:53] [ACK] ACK:1894
[2026-01-23 15:56:53] [ACK] ACK:1895
[2026-01-23 15:56:53] [ACK] ACK:1896
[2026-01-23 15:56:53] [ACK] ACK:1897
[2026-01-23 15:56:53] [ACK] ACK:1898
[2026-01-23 15:56:53] [ACK] ACK:1899
[2026-01-23 15:56:53] [ACK] ACK:1900
[2026-01-23 15:56:53] [ACK] ACK:1901
[2026-01-23 15:56:53] [ACK] ACK:1902
[2026-01-23 15:56:54] [ACK] ACK:1903
[2026-01-23 15:56:54] [ACK] ACK:1904
[2026-01-23 15:56:54] [ACK] ACK:1905
[2026-01-23 15:56:54] [ACK] ACK:1906
[2026-01-23 15:56:54] [ACK] ACK:1907
[2026-01-23 15:56:54] [ACK] ACK:1908
[2026-01-23 15:56:54] [ACK] ACK:1909
[2026-01-23 15:56:54] [ACK] ACK:1910
[2026-01-23 15:56:54] [ACK] ACK:1911
[2026-01-23 15:56:55] [ACK] ACK:1912
[2026-01-23 15:56:55] [ACK] ACK:1913
[2026-01-23 15:56:55] [ACK] ACK:1914
[2026-01-23 15:56:55] [ACK] ACK:1915
[2026-01-23 15:56:55] [ACK] ACK:1916
[2026-01-23 15:56:55] [ACK] ACK:1917
[2026-01-23 15:56:55] [ACK] ACK:1918
[2026-01-23 15:56:55] [ACK] ACK:1919
[2026-01-23 15:56:55] [ACK] ACK:1920
[2026-01-23 15:56:55] [ACK] ACK:1921
[2026-01-23 15:56:56] [ACK] ACK:1922
[2026-01-23 15:56:56] [ACK] ACK:1923
[2026-01-23 15:56:56] [ACK] ACK:1924
[2026-01-23 15:56:56] [ACK] ACK:1925
[2026-01-23 15:56:56] [ACK] ACK:1926
[2026-01-23 15:56:56] [ACK] ACK:1927
[2026-01-23 15:56:56] [ACK] ACK:1928
[2026-01-23 15:56:56] [ACK] ACK:1929
[2026-01-23 15:56:56] [ACK] ACK:1930
[2026-01-23 15:56:57] [ACK] ACK:1931
[2026-01-23 15:56:57] [ACK] ACK:1932
[2026-01-23 15:56:57] [ACK] ACK:1933
[2026-01-23 15:56:57] [ACK] ACK:1934
[2026-01-23 15:56:57] [ACK] ACK:1935
[2026-01-23 15:56:57] [ACK] ACK:1936
[2026-01-23 15:56:57] [ACK] ACK:1937
[2026-01-23 15:56:57] [ACK] ACK:1938
[2026-01-23 15:56:57] [ACK] ACK:1939
[2026-01-23 15:56:57] [ACK] ACK:1940
[2026-01-23 15:56:58] [ACK] ACK:1941
[2026-01-23 15:56:58] [ACK] ACK:1942
[2026-01-23 15:56:58] [ACK] ACK:1943
[2026-01-23 15:56:58] [ACK] ACK:1944
[2026-01-23 15:56:58] [ACK] ACK:1945
[2026-01-23 15:56:58] [ACK] ACK:1946
[2026-01-23 15:56:58] [ACK] ACK:1947
[2026-01-23 15:56:58] [ACK] ACK:1948
[2026-01-23 15:56:58] [ACK] ACK:1949
[2026-01-23 15:56:58] [ACK] ACK:1950
[2026-01-23 15:56:59] [ACK] ACK:1951
[2026-01-23 15:56:59] [ACK] ACK:1952
[2026-01-23 15:56:59] [ACK] ACK:1953
[2026-01-23 15:56:59] [ACK] ACK:1954
[2026-01-23 15:56:59] [ACK] ACK:1955
[2026-01-23 15:56:59] [ACK] ACK:1956
[2026-01-23 15:56:59] [ACK] ACK:1957
[2026-01-23 15:56:59] [ACK] ACK:1958
[2026-01-23 15:56:59] [ACK] ACK:1959
[2026-01-23 15:57:00] [ACK] ACK:1960
[2026-01-23 15:57:00] [ACK] ACK:1961
[2026-01-23 15:57:00] [ACK] ACK:1962
[2026-01-23 15:57:00] [ACK] ACK:1963
[2026-01-23 15:57:00] [ACK] ACK:1964
[2026-01-23 15:57:00] [ACK] ACK:1965
[2026-01-23 15:57:00] [ACK] ACK:1966
[2026-01-23 15:57:00] [ACK] ACK:1967
[2026-01-23 15:57:00] [ACK] ACK:1968
[2026-01-23 15:57:00] [ACK] ACK:1969
[2026-01-23 15:57:01] [ACK] ACK:1970
[2026-01-23 15:57:01] [ACK] ACK:1971
[2026-01-23 15:57:01] [ACK] ACK:1972
[2026-01-23 15:57:01] [ACK] ACK:1973
[2026-01-23 15:57:01] [ACK] ACK:1974
[2026-01-23 15:57:01] [ACK] ACK:1975
[2026-01-23 15:57:01] [ACK] ACK:1976
[2026-01-23 15:57:01] [ACK] ACK:1977
[2026-01-23 15:57:01] [ACK] ACK:1978
[2026-01-23 15:57:02] [ACK] ACK:1979
[2026-01-23 15:57:02] [ACK] ACK:1980
[2026-01-23 15:57:02] [ACK] ACK:1981
[2026-01-23 15:57:02] [ACK] ACK:1982
[2026-01-23 15:57:02] [ACK] ACK:1983
[2026-01-23 15:57:02] [ACK] ACK:1984
[2026-01-23 15:57:02] [ACK] ACK:1985
[2026-01-23 15:57:02] [ACK] ACK:1986
[2026-01-23 15:57:02] [ACK] ACK:1987
[2026-01-23 15:57:02] [ACK] ACK:1988
[2026-01-23 15:57:03] [ACK] ACK:1989
[2026-01-23 15:57:03] [ACK] ACK:1990
[2026-01-23 15:57:03] [ACK] ACK:1991
[2026-01-23 15:57:03] [ACK] ACK:1992
[2026-01-23 15:57:03] [ACK] ACK:1993
[2026-01-23 15:57:03] [ACK] ACK:1994
[2026-01-23 15:57:03] [ACK] ACK:1995
[2026-01-23 15:57:03] [ACK] ACK:1996
[2026-01-23 15:57:03] [ACK] ACK:1997
[2026-01-23 15:57:04] [ACK] ACK:1998
[2026-01-23 15:57:04] [ACK] ACK:1999
[2026-01-23 15:57:04] Cliente desconectado: 172.26.163.108:52215
[2026-01-23 15:57:04] [TRANSFERENCIA] Completada - 999 líneas - Cliente: 172.26.163.108:52215
