[2026-02-25 14:13:59.507] INFO    System         : Sistema de logs iniciado
[2026-02-25 14:13:59.509] INFO    System         : Sistema de logs iniciado
[2026-02-25 14:13:59.510] INFO    System         : Sistema de logs iniciado
[2026-02-25 14:13:59.510] INFO    System         : Sistema de logs iniciado
[2026-02-25 14:13:59.510] INFO    System         : Sistema de logs iniciado
[2026-02-25 14:14:47.493] INFO    System         : Sistema de logs iniciado
[2026-02-25 14:14:47.495] INFO    System         : Sistema de logs iniciado
[2026-02-25 14:14:47.496] INFO    System         : Sistema de logs iniciado
[2026-02-25 14:14:47.496] INFO    System         : Sistema de logs iniciado
[2026-02-25 14:14:47.496] INFO    System         : Sistema de logs iniciado
[2026-02-25 14:18:45.594] INFO    System         : Sistema de logs iniciado
[2026-02-25 14:18:45.596] INFO    System         : Sistema de logs iniciado
[2026-02-25 14:18:45.596] INFO    System         : Sistema de logs iniciado
[2026-02-25 14:18:45.597] INFO    System         : Sistema de logs iniciado
[2026-02-25 14:18:45.597] INFO    System         : Sistema de logs iniciado
[2026-02-25 14:18:45.604] INFO    TTLMonitor     : Monitor TTL iniciado
[2026-02-25 14:18:45.604] INFO    Synchronizer   : Sincronizador iniciado
[2026-02-25 14:19:15.607] INFO    Synchronizer   : Iniciando sincronización completa
[2026-02-25 14:19:45.607] INFO    Synchronizer   : Iniciando sincronización completa
[2026-02-25 14:20:15.607] INFO    Synchronizer   : Iniciando sincronización completa
[2026-02-25 14:20:45.607] INFO    Synchronizer   : Iniciando sincronización completa
[2026-02-25 14:21:15.606] INFO    Synchronizer   : Iniciando sincronización completa
[2026-02-25 14:21:45.606] INFO    Synchronizer   : Iniciando sincronización completa
[2026-02-25 14:22:15.604] INFO    Synchronizer   : Iniciando sincronización completa
[2026-02-25 14:22:45.606] INFO    Synchronizer   : Iniciando sincronización completa
[2026-02-25 14:23:15.603] INFO    Synchronizer   : Iniciando sincronización completa
[2026-02-25 14:23:45.605] INFO    Synchronizer   : Iniciando sincronización completa
[2026-02-25 14:24:15.603] INFO    Synchronizer   : Iniciando sincronización completa
[2026-02-25 14:24:22.256] INFO    GUI            : ✅ Archivo compartido: pom.xml
[2026-02-25 14:24:22.272] INFO    GUI            : 📢 Anunciando 1 archivos compartidos a la red: [pom.xml]
[2026-02-25 14:24:30.753] INFO    GUI            : Lista actualizada manualmente
[2026-02-25 14:24:45.605] INFO    Synchronizer   : Iniciando sincronización completa
[2026-02-25 14:25:15.605] INFO    Synchronizer   : Iniciando sincronización completa
[2026-02-25 14:25:45.604] INFO    Synchronizer   : Iniciando sincronización completa
[2026-02-25 14:26:01.330] INFO    GUI            : Lista actualizada manualmente
[2026-02-25 14:26:15.602] INFO    Synchronizer   : Iniciando sincronización completa
[2026-02-25 14:26:45.602] INFO    Synchronizer   : Iniciando sincronización completa
[2026-02-25 14:27:15.604] INFO    Synchronizer   : Iniciando sincronización completa
[2026-02-25 14:27:45.602] INFO    Synchronizer   : Iniciando sincronización completa
[2026-02-25 14:27:58.220] INFO    NameServer     : Nuevo peer conectado: 192.168.102.1:8888
[2026-02-25 14:27:58.220] INFO    NameServer     : Nuevo peer conectado: 192.168.102.1:8888
[2026-02-25 14:27:58.224] INFO    NameServer     : Recibido PEER_ANNOUNCE de 192.168.102.1:8888
[2026-02-25 14:27:58.225] INFO    NameServer     : Archivo remoto: .project en peer 192.168.102.1:8888
[2026-02-25 14:27:58.229] INFO    NameServer     : Peer 192.168.102.1:8888 comparte 1 archivos: [.project]
[2026-02-25 14:27:58.229] INFO    NameServer     : Recibido PEER_ANNOUNCE de 192.168.102.1:8888
[2026-02-25 14:27:58.229] INFO    NameServer     : Archivo remoto: .project en peer 192.168.102.1:8888
[2026-02-25 14:27:58.229] INFO    NameServer     : Peer 192.168.102.1:8888 comparte 1 archivos: [.project]
[2026-02-25 14:28:04.979] INFO    GUI            : Lista actualizada manualmente
[2026-02-25 14:28:15.604] INFO    Synchronizer   : Iniciando sincronización completa
[2026-02-25 14:28:18.470] INFO    GUI            : ✅ Archivo compartido: nodo_1.log
[2026-02-25 14:28:18.475] INFO    GUI            : 📢 Anunciando 2 archivos compartidos a la red: [pom.xml, nodo_1.log]
[2026-02-25 14:28:28.031] INFO    GUI            : Lista actualizada manualmente
[2026-02-25 14:28:45.604] INFO    Synchronizer   : Iniciando sincronización completa
[2026-02-25 14:29:15.604] INFO    Synchronizer   : Iniciando sincronización completa
[2026-02-25 14:29:45.603] INFO    Synchronizer   : Iniciando sincronización completa
[2026-02-25 14:30:15.601] INFO    Synchronizer   : Iniciando sincronización completa
[2026-02-25 14:30:45.603] INFO    Synchronizer   : Iniciando sincronización completa
[2026-02-25 14:31:07.677] INFO    TTLMonitor     : Monitor TTL detenido
[2026-02-25 14:31:07.677] INFO    Synchronizer   : Sincronizador detenido
[2026-02-25 14:31:07.681] INFO    NameServer     : Peer desconectado: 192.168.102.1:8888
[2026-02-25 14:31:07.681] INFO    ConsensusManager: Peer desconectado: 192.168.102.1:8888
[2026-02-25 14:31:07.681] INFO    NameServer     : Peer desconectado: 192.168.102.1:8888
[2026-02-25 14:31:07.681] INFO    ConsensusManager: Peer desconectado: 192.168.102.1:8888
[2026-02-25 14:31:07.682] INFO    System         : Sistema de logs detenido
